[T3] ===== Terminal 3 START =====  (02:00:02)
[T3] cts_full_l32  (02:00:02)
[T2] ===== Terminal 2 START =====  (02:00:12)
[T2] rma_full_l32  (02:00:12)
[T1] ===== Terminal 1 START =====  (02:00:22)
[T1] baseline  (02:00:22)
[T1] DONE baseline  (02:48:00)
[T1] rma_full_l8  (02:48:00)
[T2] DONE rma_full_l32  (02:49:05)
[T2] rma_int_l32  (02:49:05)
[T3] DONE cts_full_l32  (02:58:46)
[T3] cts_int_l32  (02:58:46)
[T3] DONE cts_int_l32  (03:02:21)
[T3] cts_ext_l32  (03:02:21)
[T1] DONE rma_full_l8  (03:36:32)
[T1] rma_int_l8  (03:36:32)
[T2] DONE rma_int_l32  (03:37:58)
[T2] rma_ext_l32  (03:37:58)
[T3] DONE cts_ext_l32  (04:01:06)
[T3] cts_full_l8_lam0.1  [hyp-B: lower lambda]  (04:01:06)
[T1] DONE rma_int_l8  (04:25:12)
[T1] rma_ext_l8  (04:25:12)
[T2] DONE rma_ext_l32  (04:26:50)
[T2] cts_ext_l8  (04:26:50)
[T3] DONE cts_full_l8_lam0.1  (05:01:20)
[T3] cts_full_l32_lam0.1  [hyp-B: lower lambda]  (05:01:20)
[T1] DONE rma_ext_l8  (05:15:35)
[T1] rma_full_l16  (05:15:35)
[T2] DONE cts_ext_l8  (05:27:43)
[T2] cts_full_l16  (05:27:43)
[T3] DONE cts_full_l32_lam0.1  (06:02:28)
[T3] cts_full_l128  [hyp-A: larger latent]  (06:02:28)
[T1] DONE rma_full_l16  (06:05:59)
[T1] rma_int_l16  (06:05:59)
[T2] DONE cts_full_l16  (06:29:04)
[T2] cts_int_l16  (06:29:04)
[T1] DONE rma_int_l16  (06:56:44)
[T1] rma_ext_l16  (06:56:44)
[T3] DONE cts_full_l128  (07:03:36)
[T3] cts_full_l32_5000iter  [hyp-C: more iters]  (07:03:36)
[T2] DONE cts_int_l16  (07:30:11)
[T2] cts_ext_l16  (07:30:11)
[T1] DONE rma_ext_l16  (07:47:26)
[T1] cts_full_l8  (07:47:26)
[T1] DONE cts_full_l8  (08:08:51)
[T1] cts_int_l8  (08:08:51)
[T2] DONE cts_ext_l16  (08:33:33)
[T2] cts_full_l64  [hyp-A: larger latent]  (08:33:33)
[T3] DONE cts_full_l32_5000iter  (09:09:11)
[T3] ===== Terminal 3 FINISHED =====  (09:09:11)
[T1] DONE cts_int_l8  (09:11:42)
[T1] ===== Terminal 1 FINISHED =====  (09:11:42)
[T2] DONE cts_full_l64  (09:25:01)
[T2] ===== Terminal 2 FINISHED =====  (09:25:01)
[T1] ===== Terminal 1 START =====  (10:39:45)
[T1] baseline  (10:39:45)
[T2] ===== Terminal 2 START =====  (10:39:55)
[T2] rma_full_l32  (10:39:55)
[T3] ===== Terminal 3 START =====  (10:40:04)
[T3] cts_full_l32  (10:40:04)
[T1] DONE baseline  (11:27:32)
[T1] rma_full_l8  (11:27:32)
[T2] DONE rma_full_l32  (11:28:25)
[T2] rma_int_l32  (11:28:25)
[T3] DONE cts_full_l32  (11:38:47)
[T3] cts_int_l32  (11:38:47)
[T1] DONE rma_full_l8  (12:16:09)
[T1] rma_int_l8  (12:16:09)
[T2] DONE rma_int_l32  (12:16:33)
[T2] rma_ext_l32  (12:16:33)
[T3] DONE cts_int_l32  (12:37:34)
[T3] cts_ext_l32  (12:37:34)
[T1] DONE rma_int_l8  (13:05:01)
[T1] rma_ext_l8  (13:05:01)
[T2] DONE rma_ext_l32  (13:05:15)
[T2] cts_ext_l8  (13:05:15)
[T3] DONE cts_ext_l32  (13:37:33)
[T3] cts_full_l8_lam0.1  [hyp-B: lower lambda]  (13:37:33)
[T1] DONE rma_ext_l8  (13:55:26)
[T1] rma_full_l16  (13:55:26)
[T2] DONE cts_ext_l8  (14:01:07)
[T2] cts_full_l16  (14:01:07)
[T3] DONE cts_full_l8_lam0.1  (14:38:51)
[T3] cts_full_l32_lam0.1  [hyp-B: lower lambda]  (14:38:51)
[T1] DONE rma_full_l16  (14:45:27)
[T1] rma_int_l16  (14:45:27)
[T2] DONE cts_full_l16  (15:02:03)
[T2] cts_int_l16  (15:02:03)
[T1] DONE rma_int_l16  (15:35:44)
[T1] rma_ext_l16  (15:35:44)
[T3] DONE cts_full_l32_lam0.1  (15:39:41)
[T3] cts_full_l128  [hyp-A: larger latent]  (15:39:41)
[T2] DONE cts_int_l16  (16:02:42)
[T2] cts_ext_l16  (16:02:42)
[T1] DONE rma_ext_l16  (16:26:04)
[T1] cts_full_l8  (16:26:04)
[T3] DONE cts_full_l128  (16:41:27)
[T3] cts_full_l32_5000iter  [hyp-C: more iters]  (16:41:27)
[T2] DONE cts_ext_l16  (17:05:14)
[T2] cts_full_l64  [hyp-A: larger latent]  (17:05:14)
[T1] DONE cts_full_l8  (17:29:25)
[T1] cts_int_l8  (17:29:25)
[T2] DONE cts_full_l64  (18:08:14)
[T2] ===== Terminal 2 FINISHED =====  (18:08:14)
[T1] DONE cts_int_l8  (18:26:44)
[T1] ===== Terminal 1 FINISHED =====  (18:26:44)
[T3] DONE cts_full_l32_5000iter  (18:34:47)
[T3] ===== Terminal 3 FINISHED =====  (18:34:47)
[P2-T1] ===== Phase2 T1 START =====  (21:17:10)
[P2-T1] rma_p2_full_l8  (21:17:10)
[P2-T2] ===== Phase2 T2 START =====  (21:17:18)
[P2-T2] rma_p2_full_l16  (21:17:18)
[P2-T3] ===== Phase2 T3 START =====  (21:17:32)
[P2-T3] rma_p2_full_l32  (21:17:32)
[P2-T1] DONE rma_p2_full_l8  (21:17:41)
[P2-T1] rma_p2_int_l8  (21:17:41)
[P2-T2] DONE rma_p2_full_l16  (21:17:50)
[P2-T2] rma_p2_int_l16  (21:17:50)
[P2-T3] DONE rma_p2_full_l32  (21:18:07)
[P2-T3] rma_p2_int_l32  (21:18:07)
[P2-T1] DONE rma_p2_int_l8  (21:18:16)
[P2-T1] rma_p2_ext_l8  (21:18:16)
[P2-T2] DONE rma_p2_int_l16  (21:18:24)
[P2-T2] rma_p2_ext_l16  (21:18:24)
[P2-T3] DONE rma_p2_int_l32  (21:18:41)
[P2-T3] rma_p2_ext_l32  (21:18:41)
[P2-T1] DONE rma_p2_ext_l8  (21:18:52)
[P2-T1] ===== Phase2 T1 FINISHED =====  (21:18:52)
[P2-T2] DONE rma_p2_ext_l16  (21:18:59)
[P2-T2] ===== Phase2 T2 FINISHED =====  (21:18:59)
[P2-T3] DONE rma_p2_ext_l32  (21:19:10)
[P2-T3] ===== Phase2 T3 FINISHED =====  (21:19:10)
[OOD-T1] ===== OOD T1 START =====  (21:25:18)
[OOD-T1] baseline FULL scale=1.0  (21:25:18)
[OOD-T2] ===== OOD T2 START =====  (21:25:37)
[OOD-T2] rma2 FULL scale=1.0  (21:25:37)
[OOD-T1] DONE baseline FULL scale=1.0  (21:25:56)
[OOD-T1] baseline FULL scale=1.5  (21:25:56)
[OOD-T3] ===== OOD T3 START =====  (21:26:08)
[OOD-T3] cts FULL scale=1.0  (21:26:08)
[OOD-T2] DONE rma2 FULL scale=1.0  (21:26:22)
[OOD-T2] rma2 FULL scale=1.5  (21:26:22)
[OOD-T1] DONE baseline FULL scale=1.5  (21:26:44)
[OOD-T1] baseline FULL scale=2.0  (21:26:44)
[OOD-T3] DONE cts FULL scale=1.0  (21:27:05)
[OOD-T3] cts FULL scale=1.5  (21:27:05)
[OOD-T2] DONE rma2 FULL scale=1.5  (21:27:15)
[OOD-T2] rma2 FULL scale=2.0  (21:27:15)
[OOD-T1] DONE baseline FULL scale=2.0  (21:27:32)
[OOD-T1] rma2 FULL scale=1.0  (21:27:32)
[OOD-T3] DONE cts FULL scale=1.5  (21:28:03)
[OOD-T3] cts FULL scale=2.0  (21:28:03)
[OOD-T2] DONE rma2 FULL scale=2.0  (21:28:09)
[OOD-T2] rma2 INT scale=1.0  (21:28:09)
[OOD-T1] DONE rma2 FULL scale=1.0  (21:28:22)
[OOD-T1] rma2 FULL scale=1.5  (21:28:22)
[OOD-T3] DONE cts FULL scale=2.0  (21:29:03)
[OOD-T3] cts INT scale=1.0  (21:29:03)
[OOD-T2] DONE rma2 INT scale=1.0  (21:29:05)
[OOD-T2] rma2 INT scale=1.5  (21:29:05)
[OOD-T1] DONE rma2 FULL scale=1.5  (21:29:13)
[OOD-T1] rma2 FULL scale=2.0  (21:29:13)
[OOD-T2] DONE rma2 INT scale=1.5  (21:30:11)
[OOD-T2] rma2 INT scale=2.0  (21:30:11)
[OOD-T1] DONE rma2 FULL scale=2.0  (21:30:12)
[OOD-T1] rma2 INT scale=1.0  (21:30:12)
[OOD-T3] DONE cts INT scale=1.0  (21:30:14)
[OOD-T3] cts INT scale=1.5  (21:30:14)
[OOD-T1] DONE rma2 INT scale=1.0  (21:31:19)
[OOD-T1] rma2 INT scale=1.5  (21:31:19)
[OOD-T2] DONE rma2 INT scale=2.0  (21:31:21)
[OOD-T2] rma2 EXT scale=1.0  (21:31:21)
[OOD-T3] DONE cts INT scale=1.5  (21:31:26)
[OOD-T3] cts INT scale=2.0  (21:31:26)
[OOD-T1] DONE rma2 INT scale=1.5  (21:32:23)
[OOD-T1] rma2 INT scale=2.0  (21:32:23)
[OOD-T2] DONE rma2 EXT scale=1.0  (21:32:27)
[OOD-T2] rma2 EXT scale=1.5  (21:32:27)
[OOD-T3] DONE cts INT scale=2.0  (21:32:32)
[OOD-T3] cts EXT scale=1.0  (21:32:32)
[OOD-T1] DONE rma2 INT scale=2.0  (21:33:24)
[OOD-T1] rma2 EXT scale=1.0  (21:33:24)
[OOD-T2] DONE rma2 EXT scale=1.5  (21:33:31)
[OOD-T2] rma2 EXT scale=2.0  (21:33:31)
[OOD-T3] DONE cts EXT scale=1.0  (21:33:35)
[OOD-T3] cts EXT scale=1.5  (21:33:35)
[OOD-T1] DONE rma2 EXT scale=1.0  (21:34:15)
[OOD-T1] rma2 EXT scale=1.5  (21:34:15)
[OOD-T2] DONE rma2 EXT scale=2.0  (21:34:33)
[OOD-T2] cts FULL scale=1.0  (21:34:33)
[OOD-T3] DONE cts EXT scale=1.5  (21:34:38)
[OOD-T3] cts EXT scale=2.0  (21:34:38)
[OOD-T1] DONE rma2 EXT scale=1.5  (21:35:04)
[OOD-T1] rma2 EXT scale=2.0  (21:35:04)
[OOD-T3] DONE cts EXT scale=2.0  (21:35:39)
[OOD-T3] cts FULL scale=1.0  (21:35:39)
[OOD-T2] DONE cts FULL scale=1.0  (21:35:39)
[OOD-T2] cts FULL scale=1.5  (21:35:39)
[OOD-T1] DONE rma2 EXT scale=2.0  (21:35:52)
[OOD-T1] rma2 FULL scale=1.0  (21:35:52)
[OOD-T3] DONE cts FULL scale=1.0  (21:36:46)
[OOD-T3] cts FULL scale=1.5  (21:36:46)
[OOD-T2] DONE cts FULL scale=1.5  (21:36:49)
[OOD-T2] cts FULL scale=2.0  (21:36:49)
[OOD-T1] DONE rma2 FULL scale=1.0  (21:36:50)
[OOD-T1] rma2 FULL scale=1.5  (21:36:50)
[OOD-T1] DONE rma2 FULL scale=1.5  (21:37:56)
[OOD-T1] rma2 FULL scale=2.0  (21:37:56)
[OOD-T3] DONE cts FULL scale=1.5  (21:37:59)
[OOD-T3] cts FULL scale=2.0  (21:37:59)
[OOD-T2] DONE cts FULL scale=2.0  (21:38:01)
[OOD-T2] cts INT scale=1.0  (21:38:01)
[OOD-T1] DONE rma2 FULL scale=2.0  (21:39:01)
[OOD-T1] rma2 INT scale=1.0  (21:39:01)
[OOD-T3] DONE cts FULL scale=2.0  (21:39:08)
[OOD-T3] cts FULL scale=1.0  (21:39:08)
[OOD-T2] DONE cts INT scale=1.0  (21:39:09)
[OOD-T2] cts INT scale=1.5  (21:39:09)
[OOD-T1] DONE rma2 INT scale=1.0  (21:39:50)
[OOD-T1] rma2 INT scale=1.5  (21:39:50)
[OOD-T2] DONE cts INT scale=1.5  (21:40:14)
[OOD-T2] cts INT scale=2.0  (21:40:14)
[OOD-T3] DONE cts FULL scale=1.0  (21:40:16)
[OOD-T3] cts FULL scale=1.5  (21:40:16)
[OOD-T1] DONE rma2 INT scale=1.5  (21:40:38)
[OOD-T1] rma2 INT scale=2.0  (21:40:38)
[OOD-T2] DONE cts INT scale=2.0  (21:41:20)
[OOD-T2] cts FULL scale=1.0  (21:41:20)
[OOD-T3] DONE cts FULL scale=1.5  (21:41:22)
[OOD-T3] cts FULL scale=2.0  (21:41:22)
[OOD-T1] DONE rma2 INT scale=2.0  (21:41:30)
[OOD-T1] rma2 EXT scale=1.0  (21:41:30)
[OOD-T1] DONE rma2 EXT scale=1.0  (21:42:30)
[OOD-T1] rma2 EXT scale=1.5  (21:42:30)
[OOD-T2] DONE cts FULL scale=1.0  (21:42:32)
[OOD-T2] cts FULL scale=1.5  (21:42:32)
[OOD-T3] DONE cts FULL scale=2.0  (21:42:34)
[OOD-T3] ===== OOD T3 FINISHED =====  (21:42:34)
[OOD-T1] DONE rma2 EXT scale=1.5  (21:43:23)
[OOD-T1] rma2 EXT scale=2.0  (21:43:23)
[OOD-T2] DONE cts FULL scale=1.5  (21:43:27)
[OOD-T2] cts FULL scale=2.0  (21:43:27)
[OOD-T1] DONE rma2 EXT scale=2.0  (21:44:16)
[OOD-T1] ===== OOD T1 FINISHED =====  (21:44:16)
[OOD-T2] DONE cts FULL scale=2.0  (21:44:18)
[OOD-T2] cts INT scale=1.0  (21:44:18)
[OOD-T2] DONE cts INT scale=1.0  (21:44:58)
[OOD-T2] cts INT scale=1.5  (21:44:58)
[OOD-T2] DONE cts INT scale=1.5  (21:45:38)
[OOD-T2] cts INT scale=2.0  (21:45:38)
[OOD-T2] DONE cts INT scale=2.0  (21:46:17)
[OOD-T2] cts EXT scale=1.0  (21:46:17)
[OOD-T2] DONE cts EXT scale=1.0  (21:46:56)
[OOD-T2] cts EXT scale=1.5  (21:46:56)
[OOD-T2] DONE cts EXT scale=1.5  (21:47:35)
[OOD-T2] cts EXT scale=2.0  (21:47:35)
[OOD-T2] DONE cts EXT scale=2.0  (21:48:14)
[OOD-T2] ===== OOD T2 FINISHED =====  (21:48:14)
